2019-12-15 20:18:09,760   /opt/OctoPrint/venv/bin/python2 -m pip --disable-pip-version-check install https://github.com/OllisGit/OctoPrint-DryRun/releases/latest/download/master.zip --no-cache-dir
2019-12-15 20:18:11,789 > Collecting https://github.com/OllisGit/OctoPrint-DryRun/releases/latest/download/master.zip
2019-12-15 20:18:12,798 > Downloading https://github.com/OllisGit/OctoPrint-DryRun/releases/latest/download/master.zip (117kB)
2019-12-15 20:18:15,442 > Requirement already satisfied: OctoPrint in /opt/OctoPrint/venv/lib/python2.7/site-packages (from DryRun==1.1.2) (1.3.12)
2019-12-15 20:18:15,443 > Requirement already satisfied: requests<3,>=2.21.0 in /opt/OctoPrint/venv/lib/python2.7/site-packages (from OctoPrint->DryRun==1.1.2) (2.22.0)
2019-12-15 20:18:15,443 > Requirement already satisfied: PyYAML<6,>=5.1 in /opt/OctoPrint/venv/lib/python2.7/site-packages (from OctoPrint->DryRun==1.1.2) (5.2)
2019-12-15 20:18:15,443 > Requirement already satisfied: typing<4,>=3.6.6 in /opt/OctoPrint/venv/lib/python2.7/site-packages (from OctoPrint->DryRun==1.1.2) (3.7.4.1)
2019-12-15 20:18:15,444 > Requirement already satisfied: Click<8,>=7 in /opt/OctoPrint/venv/lib/python2.7/site-packages (from OctoPrint->DryRun==1.1.2) (7.0)
2019-12-15 20:18:15,444 > Requirement already satisfied: awesome-slugify<1.7,>=1.6.5 in /opt/OctoPrint/venv/lib/python2.7/site-packages (from OctoPrint->DryRun==1.1.2) (1.6.5)
2019-12-15 20:18:15,444 > Requirement already satisfied: Flask-Login<0.3,>=0.2.11 in /opt/OctoPrint/venv/lib/python2.7/site-packages (from OctoPrint->DryRun==1.1.2) (0.2.11)
2019-12-15 20:18:15,445 > Requirement already satisfied: pkginfo<1.6,>=1.5.0.1 in /opt/OctoPrint/venv/lib/python2.7/site-packages (from OctoPrint->DryRun==1.1.2) (1.5.0.1)
2019-12-15 20:18:15,445 > Requirement already satisfied: netaddr<0.8,>=0.7.19 in /opt/OctoPrint/venv/lib/python2.7/site-packages (from OctoPrint->DryRun==1.1.2) (0.7.19)
2019-12-15 20:18:15,445 > Requirement already satisfied: semantic-version<2.7,>=2.6 in /opt/OctoPrint/venv/lib/python2.7/site-packages (from OctoPrint->DryRun==1.1.2) (2.6.0)
2019-12-15 20:18:15,446 > Requirement already satisfied: Flask-Assets<0.13,>=0.12 in /opt/OctoPrint/venv/lib/python2.7/site-packages (from OctoPrint->DryRun==1.1.2) (0.12)
2019-12-15 20:18:15,446 > Requirement already satisfied: pyserial<3.5,>=3.4 in /opt/OctoPrint/venv/lib/python2.7/site-packages (from OctoPrint->DryRun==1.1.2) (3.4)
2019-12-15 20:18:15,446 > Requirement already satisfied: chainmap<1.1,>=1.0.3 in /opt/OctoPrint/venv/lib/python2.7/site-packages (from OctoPrint->DryRun==1.1.2) (1.0.3)
2019-12-15 20:18:15,447 > Requirement already satisfied: websocket-client<0.57,>=0.56 in /opt/OctoPrint/venv/lib/python2.7/site-packages (from OctoPrint->DryRun==1.1.2) (0.56.0)
2019-12-15 20:18:15,447 > Requirement already satisfied: werkzeug<0.16,>=0.15.1 in /opt/OctoPrint/venv/lib/python2.7/site-packages (from OctoPrint->DryRun==1.1.2) (0.15.6)
2019-12-15 20:18:15,447 > Requirement already satisfied: watchdog<0.10,>=0.9.0 in /opt/OctoPrint/venv/lib/python2.7/site-packages (from OctoPrint->DryRun==1.1.2) (0.9.0)
2019-12-15 20:18:15,448 > Requirement already satisfied: regex!=2018.11.6 in /opt/OctoPrint/venv/lib/python2.7/site-packages (from OctoPrint->DryRun==1.1.2) (2019.12.9)
2019-12-15 20:18:15,448 > Requirement already satisfied: Flask-Babel<0.13,>=0.12 in /opt/OctoPrint/venv/lib/python2.7/site-packages (from OctoPrint->DryRun==1.1.2) (0.12.2)
2019-12-15 20:18:15,448 > Requirement already satisfied: futures<3.3,>=3.2 in /opt/OctoPrint/venv/lib/python2.7/site-packages (from OctoPrint->DryRun==1.1.2) (3.2.0)
2019-12-15 20:18:15,448 > Requirement already satisfied: future<0.18,>=0.17.1 in /opt/OctoPrint/venv/lib/python2.7/site-packages (from OctoPrint->DryRun==1.1.2) (0.17.1)
2019-12-15 20:18:15,449 > Requirement already satisfied: tornado==4.5.3 in /opt/OctoPrint/venv/lib/python2.7/site-packages (from OctoPrint->DryRun==1.1.2) (4.5.3)
2019-12-15 20:18:15,449 > Requirement already satisfied: cachelib<0.2,>=0.1 in /opt/OctoPrint/venv/lib/python2.7/site-packages (from OctoPrint->DryRun==1.1.2) (0.1)
2019-12-15 20:18:15,449 > Requirement already satisfied: feedparser<5.3,>=5.2.1 in /opt/OctoPrint/venv/lib/python2.7/site-packages (from OctoPrint->DryRun==1.1.2) (5.2.1)
2019-12-15 20:18:15,450 > Requirement already satisfied: psutil<5.7,>=5.6.1 in /opt/OctoPrint/venv/lib/python2.7/site-packages (from OctoPrint->DryRun==1.1.2) (5.6.7)
2019-12-15 20:18:15,450 > Requirement already satisfied: sarge==0.1.5post0 in /opt/OctoPrint/venv/lib/python2.7/site-packages (from OctoPrint->DryRun==1.1.2) (0.1.5.post0)
2019-12-15 20:18:15,450 > Requirement already satisfied: emoji<0.6,>=0.5.1 in /opt/OctoPrint/venv/lib/python2.7/site-packages (from OctoPrint->DryRun==1.1.2) (0.5.4)
2019-12-15 20:18:15,450 > Requirement already satisfied: filetype<2,>=1.0.5 in /opt/OctoPrint/venv/lib/python2.7/site-packages (from OctoPrint->DryRun==1.1.2) (1.0.5)
2019-12-15 20:18:15,451 > Requirement already satisfied: flask<0.11,>=0.10.1 in /opt/OctoPrint/venv/lib/python2.7/site-packages (from OctoPrint->DryRun==1.1.2) (0.10.1)
2019-12-15 20:18:15,451 > Requirement already satisfied: netifaces<0.11,>=0.10.9 in /opt/OctoPrint/venv/lib/python2.7/site-packages (from OctoPrint->DryRun==1.1.2) (0.10.9)
2019-12-15 20:18:15,451 > Requirement already satisfied: Jinja2<2.9,>=2.8.1 in /opt/OctoPrint/venv/lib/python2.7/site-packages (from OctoPrint->DryRun==1.1.2) (2.8.1)
2019-12-15 20:18:15,452 > Requirement already satisfied: monotonic<1.6,>=1.5 in /opt/OctoPrint/venv/lib/python2.7/site-packages (from OctoPrint->DryRun==1.1.2) (1.5)
2019-12-15 20:18:15,452 > Requirement already satisfied: scandir<1.11,>=1.10 in /opt/OctoPrint/venv/lib/python2.7/site-packages (from OctoPrint->DryRun==1.1.2) (1.10.0)
2019-12-15 20:18:15,452 > Requirement already satisfied: sentry-sdk==0.7.7 in /opt/OctoPrint/venv/lib/python2.7/site-packages (from OctoPrint->DryRun==1.1.2) (0.7.7)
2019-12-15 20:18:15,452 > Requirement already satisfied: pylru<1.3,>=1.2 in /opt/OctoPrint/venv/lib/python2.7/site-packages (from OctoPrint->DryRun==1.1.2) (1.2.0)
2019-12-15 20:18:15,452 > Requirement already satisfied: rsa<5,>=4.0 in /opt/OctoPrint/venv/lib/python2.7/site-packages (from OctoPrint->DryRun==1.1.2) (4.0)
2019-12-15 20:18:15,452 > Requirement already satisfied: markdown<3.1,>=3.0 in /opt/OctoPrint/venv/lib/python2.7/site-packages (from OctoPrint->DryRun==1.1.2) (3.0.1)
2019-12-15 20:18:15,453 > Requirement already satisfied: frozendict<1.3,>=1.2 in /opt/OctoPrint/venv/lib/python2.7/site-packages (from OctoPrint->DryRun==1.1.2) (1.2)
2019-12-15 20:18:15,453 > Requirement already satisfied: Flask-Principal<0.5,>=0.4 in /opt/OctoPrint/venv/lib/python2.7/site-packages (from OctoPrint->DryRun==1.1.2) (0.4.0)
2019-12-15 20:18:15,453 > Requirement already satisfied: wrapt<1.12,>=1.11.1 in /opt/OctoPrint/venv/lib/python2.7/site-packages (from OctoPrint->DryRun==1.1.2) (1.11.2)
2019-12-15 20:18:15,453 > Requirement already satisfied: idna<2.9,>=2.5 in /opt/OctoPrint/venv/lib/python2.7/site-packages (from requests<3,>=2.21.0->OctoPrint->DryRun==1.1.2) (2.8)
2019-12-15 20:18:15,454 > Requirement already satisfied: chardet<3.1.0,>=3.0.2 in /opt/OctoPrint/venv/lib/python2.7/site-packages (from requests<3,>=2.21.0->OctoPrint->DryRun==1.1.2) (3.0.4)
2019-12-15 20:18:15,454 > Requirement already satisfied: certifi>=2017.4.17 in /opt/OctoPrint/venv/lib/python2.7/site-packages (from requests<3,>=2.21.0->OctoPrint->DryRun==1.1.2) (2019.11.28)
2019-12-15 20:18:15,454 > Requirement already satisfied: urllib3!=1.25.0,!=1.25.1,<1.26,>=1.21.1 in /opt/OctoPrint/venv/lib/python2.7/site-packages (from requests<3,>=2.21.0->OctoPrint->DryRun==1.1.2) (1.25.7)
2019-12-15 20:18:15,455 > Requirement already satisfied: Unidecode<0.05,>=0.04.14 in /opt/OctoPrint/venv/lib/python2.7/site-packages (from awesome-slugify<1.7,>=1.6.5->OctoPrint->DryRun==1.1.2) (0.4.21)
2019-12-15 20:18:15,455 > Requirement already satisfied: webassets>=0.11.1 in /opt/OctoPrint/venv/lib/python2.7/site-packages (from Flask-Assets<0.13,>=0.12->OctoPrint->DryRun==1.1.2) (0.12.1)
2019-12-15 20:18:15,455 > Requirement already satisfied: six in /opt/OctoPrint/venv/lib/python2.7/site-packages (from websocket-client<0.57,>=0.56->OctoPrint->DryRun==1.1.2) (1.13.0)
2019-12-15 20:18:15,455 > Requirement already satisfied: argh>=0.24.1 in /opt/OctoPrint/venv/lib/python2.7/site-packages (from watchdog<0.10,>=0.9.0->OctoPrint->DryRun==1.1.2) (0.26.2)
2019-12-15 20:18:15,456 > Requirement already satisfied: pathtools>=0.1.1 in /opt/OctoPrint/venv/lib/python2.7/site-packages (from watchdog<0.10,>=0.9.0->OctoPrint->DryRun==1.1.2) (0.1.2)
2019-12-15 20:18:15,456 > Requirement already satisfied: Babel>=2.3 in /opt/OctoPrint/venv/lib/python2.7/site-packages (from Flask-Babel<0.13,>=0.12->OctoPrint->DryRun==1.1.2) (2.7.0)
2019-12-15 20:18:15,456 > Requirement already satisfied: singledispatch in /opt/OctoPrint/venv/lib/python2.7/site-packages (from tornado==4.5.3->OctoPrint->DryRun==1.1.2) (3.4.0.3)
2019-12-15 20:18:15,457 > Requirement already satisfied: backports-abc>=0.4 in /opt/OctoPrint/venv/lib/python2.7/site-packages (from tornado==4.5.3->OctoPrint->DryRun==1.1.2) (0.5)
2019-12-15 20:18:15,457 > Requirement already satisfied: itsdangerous>=0.21 in /opt/OctoPrint/venv/lib/python2.7/site-packages (from flask<0.11,>=0.10.1->OctoPrint->DryRun==1.1.2) (1.1.0)
2019-12-15 20:18:15,457 > Requirement already satisfied: MarkupSafe in /opt/OctoPrint/venv/lib/python2.7/site-packages (from Jinja2<2.9,>=2.8.1->OctoPrint->DryRun==1.1.2) (1.1.1)
2019-12-15 20:18:15,457 > Requirement already satisfied: pyasn1>=0.1.3 in /opt/OctoPrint/venv/lib/python2.7/site-packages (from rsa<5,>=4.0->OctoPrint->DryRun==1.1.2) (0.4.8)
2019-12-15 20:18:15,458 > Requirement already satisfied: blinker in /opt/OctoPrint/venv/lib/python2.7/site-packages (from Flask-Principal<0.5,>=0.4->OctoPrint->DryRun==1.1.2) (1.4)
2019-12-15 20:18:15,458 > Requirement already satisfied: pytz>=2015.7 in /opt/OctoPrint/venv/lib/python2.7/site-packages (from Babel>=2.3->Flask-Babel<0.13,>=0.12->OctoPrint->DryRun==1.1.2) (2019.3)
2019-12-15 20:18:15,458 > Building wheels for collected packages: DryRun
2019-12-15 20:18:15,459 > Building wheel for DryRun (setup.py): started
2019-12-15 20:18:16,625 > Building wheel for DryRun (setup.py): finished with status 'done'
2019-12-15 20:18:16,626 > Created wheel for DryRun: filename=DryRun-1.1.2-cp27-none-any.whl size=21742 sha256=2b6f6dc938d259bd66fc03f9a38a3558ed77102f238a9bafa7778cf573d186f0
2019-12-15 20:18:16,626 > Stored in directory: /tmp/pip-ephem-wheel-cache-8LJGRR/wheels/2b/e3/84/3e6f73a7fa1567e83d784bba59cf166db670d816a1ad30e1bd
2019-12-15 20:18:16,626 > Successfully built DryRun
2019-12-15 20:18:16,626 > Installing collected packages: DryRun
2019-12-15 20:18:16,626 > Successfully installed DryRun-1.1.2
2019-12-16 09:28:56,949   /opt/OctoPrint/venv/bin/python2 -m pip --disable-pip-version-check install https://github.com/Salandora/octoprint-customControl/archive/master.zip --no-cache-dir
2019-12-16 09:28:59,345 > Collecting https://github.com/Salandora/octoprint-customControl/archive/master.zip
2019-12-16 09:28:59,345 > Downloading https://github.com/Salandora/octoprint-customControl/archive/master.zip
2019-12-16 09:29:01,423 > Requirement already satisfied: OctoPrint in /opt/OctoPrint/venv/lib/python2.7/site-packages (from OctoPrint-CustomControlPlugin==0.2.1) (1.3.12)
2019-12-16 09:29:01,424 > Requirement already satisfied: requests<3,>=2.21.0 in /opt/OctoPrint/venv/lib/python2.7/site-packages (from OctoPrint->OctoPrint-CustomControlPlugin==0.2.1) (2.22.0)
2019-12-16 09:29:01,424 > Requirement already satisfied: PyYAML<6,>=5.1 in /opt/OctoPrint/venv/lib/python2.7/site-packages (from OctoPrint->OctoPrint-CustomControlPlugin==0.2.1) (5.2)
2019-12-16 09:29:01,424 > Requirement already satisfied: typing<4,>=3.6.6 in /opt/OctoPrint/venv/lib/python2.7/site-packages (from OctoPrint->OctoPrint-CustomControlPlugin==0.2.1) (3.7.4.1)
2019-12-16 09:29:01,425 > Requirement already satisfied: Click<8,>=7 in /opt/OctoPrint/venv/lib/python2.7/site-packages (from OctoPrint->OctoPrint-CustomControlPlugin==0.2.1) (7.0)
2019-12-16 09:29:01,425 > Requirement already satisfied: awesome-slugify<1.7,>=1.6.5 in /opt/OctoPrint/venv/lib/python2.7/site-packages (from OctoPrint->OctoPrint-CustomControlPlugin==0.2.1) (1.6.5)
2019-12-16 09:29:01,425 > Requirement already satisfied: Flask-Login<0.3,>=0.2.11 in /opt/OctoPrint/venv/lib/python2.7/site-packages (from OctoPrint->OctoPrint-CustomControlPlugin==0.2.1) (0.2.11)
2019-12-16 09:29:01,426 > Requirement already satisfied: pkginfo<1.6,>=1.5.0.1 in /opt/OctoPrint/venv/lib/python2.7/site-packages (from OctoPrint->OctoPrint-CustomControlPlugin==0.2.1) (1.5.0.1)
2019-12-16 09:29:01,426 > Requirement already satisfied: monotonic<1.6,>=1.5 in /opt/OctoPrint/venv/lib/python2.7/site-packages (from OctoPrint->OctoPrint-CustomControlPlugin==0.2.1) (1.5)
2019-12-16 09:29:01,426 > Requirement already satisfied: netaddr<0.8,>=0.7.19 in /opt/OctoPrint/venv/lib/python2.7/site-packages (from OctoPrint->OctoPrint-CustomControlPlugin==0.2.1) (0.7.19)
2019-12-16 09:29:01,427 > Requirement already satisfied: semantic-version<2.7,>=2.6 in /opt/OctoPrint/venv/lib/python2.7/site-packages (from OctoPrint->OctoPrint-CustomControlPlugin==0.2.1) (2.6.0)
2019-12-16 09:29:01,427 > Requirement already satisfied: Flask-Assets<0.13,>=0.12 in /opt/OctoPrint/venv/lib/python2.7/site-packages (from OctoPrint->OctoPrint-CustomControlPlugin==0.2.1) (0.12)
2019-12-16 09:29:01,427 > Requirement already satisfied: pylru<1.3,>=1.2 in /opt/OctoPrint/venv/lib/python2.7/site-packages (from OctoPrint->OctoPrint-CustomControlPlugin==0.2.1) (1.2.0)
2019-12-16 09:29:01,428 > Requirement already satisfied: chainmap<1.1,>=1.0.3 in /opt/OctoPrint/venv/lib/python2.7/site-packages (from OctoPrint->OctoPrint-CustomControlPlugin==0.2.1) (1.0.3)
2019-12-16 09:29:01,428 > Requirement already satisfied: websocket-client<0.57,>=0.56 in /opt/OctoPrint/venv/lib/python2.7/site-packages (from OctoPrint->OctoPrint-CustomControlPlugin==0.2.1) (0.56.0)
2019-12-16 09:29:01,428 > Requirement already satisfied: werkzeug<0.16,>=0.15.1 in /opt/OctoPrint/venv/lib/python2.7/site-packages (from OctoPrint->OctoPrint-CustomControlPlugin==0.2.1) (0.15.6)
2019-12-16 09:29:01,429 > Requirement already satisfied: wrapt<1.12,>=1.11.1 in /opt/OctoPrint/venv/lib/python2.7/site-packages (from OctoPrint->OctoPrint-CustomControlPlugin==0.2.1) (1.11.2)
2019-12-16 09:29:01,429 > Requirement already satisfied: watchdog<0.10,>=0.9.0 in /opt/OctoPrint/venv/lib/python2.7/site-packages (from OctoPrint->OctoPrint-CustomControlPlugin==0.2.1) (0.9.0)
2019-12-16 09:29:01,429 > Requirement already satisfied: regex!=2018.11.6 in /opt/OctoPrint/venv/lib/python2.7/site-packages (from OctoPrint->OctoPrint-CustomControlPlugin==0.2.1) (2019.12.9)
2019-12-16 09:29:01,430 > Requirement already satisfied: Flask-Babel<0.13,>=0.12 in /opt/OctoPrint/venv/lib/python2.7/site-packages (from OctoPrint->OctoPrint-CustomControlPlugin==0.2.1) (0.12.2)
2019-12-16 09:29:01,430 > Requirement already satisfied: futures<3.3,>=3.2 in /opt/OctoPrint/venv/lib/python2.7/site-packages (from OctoPrint->OctoPrint-CustomControlPlugin==0.2.1) (3.2.0)
2019-12-16 09:29:01,430 > Requirement already satisfied: future<0.18,>=0.17.1 in /opt/OctoPrint/venv/lib/python2.7/site-packages (from OctoPrint->OctoPrint-CustomControlPlugin==0.2.1) (0.17.1)
2019-12-16 09:29:01,430 > Requirement already satisfied: tornado==4.5.3 in /opt/OctoPrint/venv/lib/python2.7/site-packages (from OctoPrint->OctoPrint-CustomControlPlugin==0.2.1) (4.5.3)
2019-12-16 09:29:01,431 > Requirement already satisfied: rsa<5,>=4.0 in /opt/OctoPrint/venv/lib/python2.7/site-packages (from OctoPrint->OctoPrint-CustomControlPlugin==0.2.1) (4.0)
2019-12-16 09:29:01,431 > Requirement already satisfied: frozendict<1.3,>=1.2 in /opt/OctoPrint/venv/lib/python2.7/site-packages (from OctoPrint->OctoPrint-CustomControlPlugin==0.2.1) (1.2)
2019-12-16 09:29:01,431 > Requirement already satisfied: feedparser<5.3,>=5.2.1 in /opt/OctoPrint/venv/lib/python2.7/site-packages (from OctoPrint->OctoPrint-CustomControlPlugin==0.2.1) (5.2.1)
2019-12-16 09:29:01,431 > Requirement already satisfied: psutil<5.7,>=5.6.1 in /opt/OctoPrint/venv/lib/python2.7/site-packages (from OctoPrint->OctoPrint-CustomControlPlugin==0.2.1) (5.6.7)
2019-12-16 09:29:01,432 > Requirement already satisfied: sarge==0.1.5post0 in /opt/OctoPrint/venv/lib/python2.7/site-packages (from OctoPrint->OctoPrint-CustomControlPlugin==0.2.1) (0.1.5.post0)
2019-12-16 09:29:01,432 > Requirement already satisfied: emoji<0.6,>=0.5.1 in /opt/OctoPrint/venv/lib/python2.7/site-packages (from OctoPrint->OctoPrint-CustomControlPlugin==0.2.1) (0.5.4)
2019-12-16 09:29:01,432 > Requirement already satisfied: filetype<2,>=1.0.5 in /opt/OctoPrint/venv/lib/python2.7/site-packages (from OctoPrint->OctoPrint-CustomControlPlugin==0.2.1) (1.0.5)
2019-12-16 09:29:01,433 > Requirement already satisfied: flask<0.11,>=0.10.1 in /opt/OctoPrint/venv/lib/python2.7/site-packages (from OctoPrint->OctoPrint-CustomControlPlugin==0.2.1) (0.10.1)
2019-12-16 09:29:01,433 > Requirement already satisfied: netifaces<0.11,>=0.10.9 in /opt/OctoPrint/venv/lib/python2.7/site-packages (from OctoPrint->OctoPrint-CustomControlPlugin==0.2.1) (0.10.9)
2019-12-16 09:29:01,433 > Requirement already satisfied: Jinja2<2.9,>=2.8.1 in /opt/OctoPrint/venv/lib/python2.7/site-packages (from OctoPrint->OctoPrint-CustomControlPlugin==0.2.1) (2.8.1)
2019-12-16 09:29:01,433 > Requirement already satisfied: scandir<1.11,>=1.10 in /opt/OctoPrint/venv/lib/python2.7/site-packages (from OctoPrint->OctoPrint-CustomControlPlugin==0.2.1) (1.10.0)
2019-12-16 09:29:01,434 > Requirement already satisfied: sentry-sdk==0.7.7 in /opt/OctoPrint/venv/lib/python2.7/site-packages (from OctoPrint->OctoPrint-CustomControlPlugin==0.2.1) (0.7.7)
2019-12-16 09:29:01,434 > Requirement already satisfied: pyserial<3.5,>=3.4 in /opt/OctoPrint/venv/lib/python2.7/site-packages (from OctoPrint->OctoPrint-CustomControlPlugin==0.2.1) (3.4)
2019-12-16 09:29:01,434 > Requirement already satisfied: markdown<3.1,>=3.0 in /opt/OctoPrint/venv/lib/python2.7/site-packages (from OctoPrint->OctoPrint-CustomControlPlugin==0.2.1) (3.0.1)
2019-12-16 09:29:01,434 > Requirement already satisfied: Flask-Principal<0.5,>=0.4 in /opt/OctoPrint/venv/lib/python2.7/site-packages (from OctoPrint->OctoPrint-CustomControlPlugin==0.2.1) (0.4.0)
2019-12-16 09:29:01,435 > Requirement already satisfied: cachelib<0.2,>=0.1 in /opt/OctoPrint/venv/lib/python2.7/site-packages (from OctoPrint->OctoPrint-CustomControlPlugin==0.2.1) (0.1)
2019-12-16 09:29:01,435 > Requirement already satisfied: idna<2.9,>=2.5 in /opt/OctoPrint/venv/lib/python2.7/site-packages (from requests<3,>=2.21.0->OctoPrint->OctoPrint-CustomControlPlugin==0.2.1) (2.8)
2019-12-16 09:29:01,435 > Requirement already satisfied: chardet<3.1.0,>=3.0.2 in /opt/OctoPrint/venv/lib/python2.7/site-packages (from requests<3,>=2.21.0->OctoPrint->OctoPrint-CustomControlPlugin==0.2.1) (3.0.4)
2019-12-16 09:29:01,435 > Requirement already satisfied: certifi>=2017.4.17 in /opt/OctoPrint/venv/lib/python2.7/site-packages (from requests<3,>=2.21.0->OctoPrint->OctoPrint-CustomControlPlugin==0.2.1) (2019.11.28)
2019-12-16 09:29:01,435 > Requirement already satisfied: urllib3!=1.25.0,!=1.25.1,<1.26,>=1.21.1 in /opt/OctoPrint/venv/lib/python2.7/site-packages (from requests<3,>=2.21.0->OctoPrint->OctoPrint-CustomControlPlugin==0.2.1) (1.25.7)
2019-12-16 09:29:01,436 > Requirement already satisfied: Unidecode<0.05,>=0.04.14 in /opt/OctoPrint/venv/lib/python2.7/site-packages (from awesome-slugify<1.7,>=1.6.5->OctoPrint->OctoPrint-CustomControlPlugin==0.2.1) (0.4.21)
2019-12-16 09:29:01,436 > Requirement already satisfied: webassets>=0.11.1 in /opt/OctoPrint/venv/lib/python2.7/site-packages (from Flask-Assets<0.13,>=0.12->OctoPrint->OctoPrint-CustomControlPlugin==0.2.1) (0.12.1)
2019-12-16 09:29:01,436 > Requirement already satisfied: six in /opt/OctoPrint/venv/lib/python2.7/site-packages (from websocket-client<0.57,>=0.56->OctoPrint->OctoPrint-CustomControlPlugin==0.2.1) (1.13.0)
2019-12-16 09:29:01,437 > Requirement already satisfied: argh>=0.24.1 in /opt/OctoPrint/venv/lib/python2.7/site-packages (from watchdog<0.10,>=0.9.0->OctoPrint->OctoPrint-CustomControlPlugin==0.2.1) (0.26.2)
2019-12-16 09:29:01,437 > Requirement already satisfied: pathtools>=0.1.1 in /opt/OctoPrint/venv/lib/python2.7/site-packages (from watchdog<0.10,>=0.9.0->OctoPrint->OctoPrint-CustomControlPlugin==0.2.1) (0.1.2)
2019-12-16 09:29:01,437 > Requirement already satisfied: Babel>=2.3 in /opt/OctoPrint/venv/lib/python2.7/site-packages (from Flask-Babel<0.13,>=0.12->OctoPrint->OctoPrint-CustomControlPlugin==0.2.1) (2.7.0)
2019-12-16 09:29:01,437 > Requirement already satisfied: singledispatch in /opt/OctoPrint/venv/lib/python2.7/site-packages (from tornado==4.5.3->OctoPrint->OctoPrint-CustomControlPlugin==0.2.1) (3.4.0.3)
2019-12-16 09:29:01,438 > Requirement already satisfied: backports-abc>=0.4 in /opt/OctoPrint/venv/lib/python2.7/site-packages (from tornado==4.5.3->OctoPrint->OctoPrint-CustomControlPlugin==0.2.1) (0.5)
2019-12-16 09:29:01,438 > Requirement already satisfied: pyasn1>=0.1.3 in /opt/OctoPrint/venv/lib/python2.7/site-packages (from rsa<5,>=4.0->OctoPrint->OctoPrint-CustomControlPlugin==0.2.1) (0.4.8)
2019-12-16 09:29:01,438 > Requirement already satisfied: itsdangerous>=0.21 in /opt/OctoPrint/venv/lib/python2.7/site-packages (from flask<0.11,>=0.10.1->OctoPrint->OctoPrint-CustomControlPlugin==0.2.1) (1.1.0)
2019-12-16 09:29:01,438 > Requirement already satisfied: MarkupSafe in /opt/OctoPrint/venv/lib/python2.7/site-packages (from Jinja2<2.9,>=2.8.1->OctoPrint->OctoPrint-CustomControlPlugin==0.2.1) (1.1.1)
2019-12-16 09:29:01,439 > Requirement already satisfied: blinker in /opt/OctoPrint/venv/lib/python2.7/site-packages (from Flask-Principal<0.5,>=0.4->OctoPrint->OctoPrint-CustomControlPlugin==0.2.1) (1.4)
2019-12-16 09:29:01,439 > Requirement already satisfied: pytz>=2015.7 in /opt/OctoPrint/venv/lib/python2.7/site-packages (from Babel>=2.3->Flask-Babel<0.13,>=0.12->OctoPrint->OctoPrint-CustomControlPlugin==0.2.1) (2019.3)
2019-12-16 09:29:01,439 > Building wheels for collected packages: OctoPrint-CustomControlPlugin
2019-12-16 09:29:01,439 > Building wheel for OctoPrint-CustomControlPlugin (setup.py): started
2019-12-16 09:29:02,620 > Building wheel for OctoPrint-CustomControlPlugin (setup.py): finished with status 'done'
2019-12-16 09:29:02,621 > Created wheel for OctoPrint-CustomControlPlugin: filename=OctoPrint_CustomControlPlugin-0.2.1-cp27-none-any.whl size=54827 sha256=100fb40d43fcdc180f2fe9904a10ef9c5dd58447662d7b38ffcd7cde0809baf4
2019-12-16 09:29:02,621 > Stored in directory: /tmp/pip-ephem-wheel-cache-VxXZzj/wheels/b5/ce/bb/e6bddf6dc29b68c3c6c032a4f1cd7b98d8ce2e81ced85ef3b4
2019-12-16 09:29:02,621 > Successfully built OctoPrint-CustomControlPlugin
2019-12-16 09:29:02,622 > Installing collected packages: OctoPrint-CustomControlPlugin
2019-12-16 09:29:02,622 > Successfully installed OctoPrint-CustomControlPlugin-0.2.1
2019-12-16 12:08:18,718   /opt/OctoPrint/venv/bin/python2 -m pip --disable-pip-version-check install https://github.com/Renaud11232/OctoPrint-Marlin-Flasher/archive/master.zip --no-cache-dir
2019-12-16 12:08:20,749 > Collecting https://github.com/Renaud11232/OctoPrint-Marlin-Flasher/archive/master.zip
2019-12-16 12:08:21,752 > Downloading https://github.com/Renaud11232/OctoPrint-Marlin-Flasher/archive/master.zip
2019-12-16 12:08:22,754 > Requirement already satisfied: OctoPrint in /opt/OctoPrint/venv/lib/python2.7/site-packages (from OctoPrint-Marlin-Flasher==0.3.1) (1.3.12)
2019-12-16 12:08:31,762 > Collecting pyduinocli>=0.4.0
2019-12-16 12:08:46,774 > Downloading https://files.pythonhosted.org/packages/28/ce/00d283cfed1021559956d993d25cd9f65394c02f5bb55c19659e52c550be/pyduinocli-0.4.1.tar.gz
2019-12-16 12:08:48,072 > Collecting intelhex
2019-12-16 12:08:48,072 > Downloading https://files.pythonhosted.org/packages/bf/77/bf670318b3db325c71e2ac6a90b7bcfdf9fc739b7cf6aebb31715721623e/intelhex-2.2.1-py2.py3-none-any.whl (50kB)
2019-12-16 12:08:50,189 > Collecting marshmallow<3
2019-12-16 12:08:50,190 > Downloading https://files.pythonhosted.org/packages/e3/07/c7a12d21619abeedf5fca7381f4cf3fa798a26e8d92ad66bc73f5fc58fc1/marshmallow-2.20.5-py2.py3-none-any.whl (50kB)
2019-12-16 12:08:50,190 > Requirement already satisfied: flask<0.11,>=0.10.1 in /opt/OctoPrint/venv/lib/python2.7/site-packages (from OctoPrint-Marlin-Flasher==0.3.1) (0.10.1)
2019-12-16 12:08:50,191 > Requirement already satisfied: requests<3,>=2.21.0 in /opt/OctoPrint/venv/lib/python2.7/site-packages (from OctoPrint->OctoPrint-Marlin-Flasher==0.3.1) (2.22.0)
2019-12-16 12:08:50,191 > Requirement already satisfied: PyYAML<6,>=5.1 in /opt/OctoPrint/venv/lib/python2.7/site-packages (from OctoPrint->OctoPrint-Marlin-Flasher==0.3.1) (5.2)
2019-12-16 12:08:50,192 > Requirement already satisfied: typing<4,>=3.6.6 in /opt/OctoPrint/venv/lib/python2.7/site-packages (from OctoPrint->OctoPrint-Marlin-Flasher==0.3.1) (3.7.4.1)
2019-12-16 12:08:50,192 > Requirement already satisfied: Click<8,>=7 in /opt/OctoPrint/venv/lib/python2.7/site-packages (from OctoPrint->OctoPrint-Marlin-Flasher==0.3.1) (7.0)
2019-12-16 12:08:50,192 > Requirement already satisfied: awesome-slugify<1.7,>=1.6.5 in /opt/OctoPrint/venv/lib/python2.7/site-packages (from OctoPrint->OctoPrint-Marlin-Flasher==0.3.1) (1.6.5)
2019-12-16 12:08:50,193 > Requirement already satisfied: Flask-Login<0.3,>=0.2.11 in /opt/OctoPrint/venv/lib/python2.7/site-packages (from OctoPrint->OctoPrint-Marlin-Flasher==0.3.1) (0.2.11)
2019-12-16 12:08:50,193 > Requirement already satisfied: frozendict<1.3,>=1.2 in /opt/OctoPrint/venv/lib/python2.7/site-packages (from OctoPrint->OctoPrint-Marlin-Flasher==0.3.1) (1.2)
2019-12-16 12:08:50,194 > Requirement already satisfied: pkginfo<1.6,>=1.5.0.1 in /opt/OctoPrint/venv/lib/python2.7/site-packages (from OctoPrint->OctoPrint-Marlin-Flasher==0.3.1) (1.5.0.1)
2019-12-16 12:08:50,194 > Requirement already satisfied: netaddr<0.8,>=0.7.19 in /opt/OctoPrint/venv/lib/python2.7/site-packages (from OctoPrint->OctoPrint-Marlin-Flasher==0.3.1) (0.7.19)
2019-12-16 12:08:50,194 > Requirement already satisfied: semantic-version<2.7,>=2.6 in /opt/OctoPrint/venv/lib/python2.7/site-packages (from OctoPrint->OctoPrint-Marlin-Flasher==0.3.1) (2.6.0)
2019-12-16 12:08:50,195 > Requirement already satisfied: psutil<5.7,>=5.6.1 in /opt/OctoPrint/venv/lib/python2.7/site-packages (from OctoPrint->OctoPrint-Marlin-Flasher==0.3.1) (5.6.7)
2019-12-16 12:08:50,195 > Requirement already satisfied: Flask-Assets<0.13,>=0.12 in /opt/OctoPrint/venv/lib/python2.7/site-packages (from OctoPrint->OctoPrint-Marlin-Flasher==0.3.1) (0.12)
2019-12-16 12:08:50,195 > Requirement already satisfied: pyserial<3.5,>=3.4 in /opt/OctoPrint/venv/lib/python2.7/site-packages (from OctoPrint->OctoPrint-Marlin-Flasher==0.3.1) (3.4)
2019-12-16 12:08:50,195 > Requirement already satisfied: chainmap<1.1,>=1.0.3 in /opt/OctoPrint/venv/lib/python2.7/site-packages (from OctoPrint->OctoPrint-Marlin-Flasher==0.3.1) (1.0.3)
2019-12-16 12:08:50,196 > Requirement already satisfied: websocket-client<0.57,>=0.56 in /opt/OctoPrint/venv/lib/python2.7/site-packages (from OctoPrint->OctoPrint-Marlin-Flasher==0.3.1) (0.56.0)
2019-12-16 12:08:50,196 > Requirement already satisfied: werkzeug<0.16,>=0.15.1 in /opt/OctoPrint/venv/lib/python2.7/site-packages (from OctoPrint->OctoPrint-Marlin-Flasher==0.3.1) (0.15.6)
2019-12-16 12:08:50,197 > Requirement already satisfied: watchdog<0.10,>=0.9.0 in /opt/OctoPrint/venv/lib/python2.7/site-packages (from OctoPrint->OctoPrint-Marlin-Flasher==0.3.1) (0.9.0)
2019-12-16 12:08:50,197 > Requirement already satisfied: regex!=2018.11.6 in /opt/OctoPrint/venv/lib/python2.7/site-packages (from OctoPrint->OctoPrint-Marlin-Flasher==0.3.1) (2019.12.9)
2019-12-16 12:08:50,197 > Requirement already satisfied: Flask-Babel<0.13,>=0.12 in /opt/OctoPrint/venv/lib/python2.7/site-packages (from OctoPrint->OctoPrint-Marlin-Flasher==0.3.1) (0.12.2)
2019-12-16 12:08:50,197 > Requirement already satisfied: futures<3.3,>=3.2 in /opt/OctoPrint/venv/lib/python2.7/site-packages (from OctoPrint->OctoPrint-Marlin-Flasher==0.3.1) (3.2.0)
2019-12-16 12:08:50,198 > Requirement already satisfied: future<0.18,>=0.17.1 in /opt/OctoPrint/venv/lib/python2.7/site-packages (from OctoPrint->OctoPrint-Marlin-Flasher==0.3.1) (0.17.1)
2019-12-16 12:08:50,198 > Requirement already satisfied: tornado==4.5.3 in /opt/OctoPrint/venv/lib/python2.7/site-packages (from OctoPrint->OctoPrint-Marlin-Flasher==0.3.1) (4.5.3)
2019-12-16 12:08:50,198 > Requirement already satisfied: rsa<5,>=4.0 in /opt/OctoPrint/venv/lib/python2.7/site-packages (from OctoPrint->OctoPrint-Marlin-Flasher==0.3.1) (4.0)
2019-12-16 12:08:50,199 > Requirement already satisfied: monotonic<1.6,>=1.5 in /opt/OctoPrint/venv/lib/python2.7/site-packages (from OctoPrint->OctoPrint-Marlin-Flasher==0.3.1) (1.5)
2019-12-16 12:08:50,199 > Requirement already satisfied: feedparser<5.3,>=5.2.1 in /opt/OctoPrint/venv/lib/python2.7/site-packages (from OctoPrint->OctoPrint-Marlin-Flasher==0.3.1) (5.2.1)
2019-12-16 12:08:50,199 > Requirement already satisfied: cachelib<0.2,>=0.1 in /opt/OctoPrint/venv/lib/python2.7/site-packages (from OctoPrint->OctoPrint-Marlin-Flasher==0.3.1) (0.1)
2019-12-16 12:08:50,200 > Requirement already satisfied: sarge==0.1.5post0 in /opt/OctoPrint/venv/lib/python2.7/site-packages (from OctoPrint->OctoPrint-Marlin-Flasher==0.3.1) (0.1.5.post0)
2019-12-16 12:08:50,200 > Requirement already satisfied: emoji<0.6,>=0.5.1 in /opt/OctoPrint/venv/lib/python2.7/site-packages (from OctoPrint->OctoPrint-Marlin-Flasher==0.3.1) (0.5.4)
2019-12-16 12:08:50,200 > Requirement already satisfied: filetype<2,>=1.0.5 in /opt/OctoPrint/venv/lib/python2.7/site-packages (from OctoPrint->OctoPrint-Marlin-Flasher==0.3.1) (1.0.5)
2019-12-16 12:08:50,201 > Requirement already satisfied: netifaces<0.11,>=0.10.9 in /opt/OctoPrint/venv/lib/python2.7/site-packages (from OctoPrint->OctoPrint-Marlin-Flasher==0.3.1) (0.10.9)
2019-12-16 12:08:50,201 > Requirement already satisfied: Jinja2<2.9,>=2.8.1 in /opt/OctoPrint/venv/lib/python2.7/site-packages (from OctoPrint->OctoPrint-Marlin-Flasher==0.3.1) (2.8.1)
2019-12-16 12:08:50,201 > Requirement already satisfied: wrapt<1.12,>=1.11.1 in /opt/OctoPrint/venv/lib/python2.7/site-packages (from OctoPrint->OctoPrint-Marlin-Flasher==0.3.1) (1.11.2)
2019-12-16 12:08:50,202 > Requirement already satisfied: scandir<1.11,>=1.10 in /opt/OctoPrint/venv/lib/python2.7/site-packages (from OctoPrint->OctoPrint-Marlin-Flasher==0.3.1) (1.10.0)
2019-12-16 12:08:50,202 > Requirement already satisfied: sentry-sdk==0.7.7 in /opt/OctoPrint/venv/lib/python2.7/site-packages (from OctoPrint->OctoPrint-Marlin-Flasher==0.3.1) (0.7.7)
2019-12-16 12:08:50,202 > Requirement already satisfied: pylru<1.3,>=1.2 in /opt/OctoPrint/venv/lib/python2.7/site-packages (from OctoPrint->OctoPrint-Marlin-Flasher==0.3.1) (1.2.0)
2019-12-16 12:08:50,203 > Requirement already satisfied: markdown<3.1,>=3.0 in /opt/OctoPrint/venv/lib/python2.7/site-packages (from OctoPrint->OctoPrint-Marlin-Flasher==0.3.1) (3.0.1)
2019-12-16 12:08:50,203 > Requirement already satisfied: Flask-Principal<0.5,>=0.4 in /opt/OctoPrint/venv/lib/python2.7/site-packages (from OctoPrint->OctoPrint-Marlin-Flasher==0.3.1) (0.4.0)
2019-12-16 12:08:50,203 > Requirement already satisfied: itsdangerous>=0.21 in /opt/OctoPrint/venv/lib/python2.7/site-packages (from flask<0.11,>=0.10.1->OctoPrint-Marlin-Flasher==0.3.1) (1.1.0)
2019-12-16 12:08:50,203 > Requirement already satisfied: idna<2.9,>=2.5 in /opt/OctoPrint/venv/lib/python2.7/site-packages (from requests<3,>=2.21.0->OctoPrint->OctoPrint-Marlin-Flasher==0.3.1) (2.8)
2019-12-16 12:08:50,204 > Requirement already satisfied: chardet<3.1.0,>=3.0.2 in /opt/OctoPrint/venv/lib/python2.7/site-packages (from requests<3,>=2.21.0->OctoPrint->OctoPrint-Marlin-Flasher==0.3.1) (3.0.4)
2019-12-16 12:08:50,204 > Requirement already satisfied: certifi>=2017.4.17 in /opt/OctoPrint/venv/lib/python2.7/site-packages (from requests<3,>=2.21.0->OctoPrint->OctoPrint-Marlin-Flasher==0.3.1) (2019.11.28)
2019-12-16 12:08:50,204 > Requirement already satisfied: urllib3!=1.25.0,!=1.25.1,<1.26,>=1.21.1 in /opt/OctoPrint/venv/lib/python2.7/site-packages (from requests<3,>=2.21.0->OctoPrint->OctoPrint-Marlin-Flasher==0.3.1) (1.25.7)
2019-12-16 12:08:50,205 > Requirement already satisfied: Unidecode<0.05,>=0.04.14 in /opt/OctoPrint/venv/lib/python2.7/site-packages (from awesome-slugify<1.7,>=1.6.5->OctoPrint->OctoPrint-Marlin-Flasher==0.3.1) (0.4.21)
2019-12-16 12:08:50,205 > Requirement already satisfied: webassets>=0.11.1 in /opt/OctoPrint/venv/lib/python2.7/site-packages (from Flask-Assets<0.13,>=0.12->OctoPrint->OctoPrint-Marlin-Flasher==0.3.1) (0.12.1)
2019-12-16 12:08:50,205 > Requirement already satisfied: six in /opt/OctoPrint/venv/lib/python2.7/site-packages (from websocket-client<0.57,>=0.56->OctoPrint->OctoPrint-Marlin-Flasher==0.3.1) (1.13.0)
2019-12-16 12:08:50,206 > Requirement already satisfied: argh>=0.24.1 in /opt/OctoPrint/venv/lib/python2.7/site-packages (from watchdog<0.10,>=0.9.0->OctoPrint->OctoPrint-Marlin-Flasher==0.3.1) (0.26.2)
2019-12-16 12:08:50,206 > Requirement already satisfied: pathtools>=0.1.1 in /opt/OctoPrint/venv/lib/python2.7/site-packages (from watchdog<0.10,>=0.9.0->OctoPrint->OctoPrint-Marlin-Flasher==0.3.1) (0.1.2)
2019-12-16 12:08:50,206 > Requirement already satisfied: Babel>=2.3 in /opt/OctoPrint/venv/lib/python2.7/site-packages (from Flask-Babel<0.13,>=0.12->OctoPrint->OctoPrint-Marlin-Flasher==0.3.1) (2.7.0)
2019-12-16 12:08:50,207 > Requirement already satisfied: singledispatch in /opt/OctoPrint/venv/lib/python2.7/site-packages (from tornado==4.5.3->OctoPrint->OctoPrint-Marlin-Flasher==0.3.1) (3.4.0.3)
2019-12-16 12:08:50,207 > Requirement already satisfied: backports-abc>=0.4 in /opt/OctoPrint/venv/lib/python2.7/site-packages (from tornado==4.5.3->OctoPrint->OctoPrint-Marlin-Flasher==0.3.1) (0.5)
2019-12-16 12:08:50,207 > Requirement already satisfied: pyasn1>=0.1.3 in /opt/OctoPrint/venv/lib/python2.7/site-packages (from rsa<5,>=4.0->OctoPrint->OctoPrint-Marlin-Flasher==0.3.1) (0.4.8)
2019-12-16 12:08:50,208 > Requirement already satisfied: MarkupSafe in /opt/OctoPrint/venv/lib/python2.7/site-packages (from Jinja2<2.9,>=2.8.1->OctoPrint->OctoPrint-Marlin-Flasher==0.3.1) (1.1.1)
2019-12-16 12:08:50,208 > Requirement already satisfied: blinker in /opt/OctoPrint/venv/lib/python2.7/site-packages (from Flask-Principal<0.5,>=0.4->OctoPrint->OctoPrint-Marlin-Flasher==0.3.1) (1.4)
2019-12-16 12:08:50,208 > Requirement already satisfied: pytz>=2015.7 in /opt/OctoPrint/venv/lib/python2.7/site-packages (from Babel>=2.3->Flask-Babel<0.13,>=0.12->OctoPrint->OctoPrint-Marlin-Flasher==0.3.1) (2019.3)
2019-12-16 12:08:50,209 > Building wheels for collected packages: OctoPrint-Marlin-Flasher, pyduinocli
2019-12-16 12:08:50,209 > Building wheel for OctoPrint-Marlin-Flasher (setup.py): started
2019-12-16 12:08:51,259 > Building wheel for OctoPrint-Marlin-Flasher (setup.py): finished with status 'done'
2019-12-16 12:08:51,259 > Created wheel for OctoPrint-Marlin-Flasher: filename=OctoPrint_Marlin_Flasher-0.3.1-cp27-none-any.whl size=27509 sha256=793b6b6b52379c35ec80e2e068b4eef9e0a159006cf55e7c4dd4858c5a488f1b
2019-12-16 12:08:51,260 > Stored in directory: /tmp/pip-ephem-wheel-cache-WYqG7c/wheels/1b/16/ea/e7a5b8248dd13a51446212d57c24f0b0600f27bf886d3124e8
2019-12-16 12:08:51,260 > Building wheel for pyduinocli (setup.py): started
2019-12-16 12:08:52,791 > Building wheel for pyduinocli (setup.py): finished with status 'done'
2019-12-16 12:08:52,791 > Created wheel for pyduinocli: filename=pyduinocli-0.4.1-cp27-none-any.whl size=9758 sha256=da4024f0b9f0596c0e18c69caba401a9c94edf80586953d62a10178d13c294af
2019-12-16 12:08:52,792 > Stored in directory: /tmp/pip-ephem-wheel-cache-WYqG7c/wheels/90/1e/b3/591a60d6bdca14a08f26696a85b5c7b2a16df322c14c70e6be
2019-12-16 12:08:52,792 > Successfully built OctoPrint-Marlin-Flasher pyduinocli
2019-12-16 12:08:52,792 > Installing collected packages: pyduinocli, intelhex, marshmallow, OctoPrint-Marlin-Flasher
2019-12-16 12:08:52,792 > Successfully installed OctoPrint-Marlin-Flasher-0.3.1 intelhex-2.2.1 marshmallow-2.20.5 pyduinocli-0.4.1
